C51 COMPILER V9.53.0.0   COMMON                                                            12/29/2017 14:50:55 PAGE 1   


C51 COMPILER V9.53.0.0, COMPILATION OF MODULE COMMON
OBJECT MODULE PLACED IN .\Output\Common.obj
COMPILER INVOKED BY: C:\Keil_v5\C51\BIN\C51.EXE ..\..\Common\Common.c OPTIMIZE(8,SPEED) BROWSE INCDIR(..\..\Include) DEF
                    -INE(FOSC_160000) DEBUG OBJECTEXTEND PRINT(.\LST\Common.lst) TABS(2) OBJECT(.\Output\Common.obj)

line level    source

   1          /*--------------------------------------------------------------------------------------------------------
             --*/
   2          /*                                                                                                        
             - */
   3          /* Copyright(c) 2017 Nuvoton Technology Corp. All rights reserved.                                        
             - */
   4          /*                                                                                                        
             - */
   5          /*--------------------------------------------------------------------------------------------------------
             --*/
   6          
   7          //********************************************************************************************************
             -***
   8          //  Website: http://www.nuvoton.com
   9          //  E-Mail : MicroC-8bit@nuvoton.com
  10          //  Date   : Jan/21/2017
  11          //********************************************************************************************************
             -***
  12          #include "N76E003.h"
  13          #include "Common.h"
  14          #include "Delay.h"
  15          #include "SFR_Macro.h"
  16          #include "Function_define.h"
  17          
  18          //----------------------------------------------------------------------------------
  19          // UART0 baud rate initial setting 
  20          //----------------------------------------------------------------------------------
  21          void InitialUART0_Timer1(UINT32 u32Baudrate)    //T1M = 1, SMOD = 1
  22          {
  23   1          P06_Quasi_Mode;   //Setting UART pin as Quasi mode for transmit
  24   1          P07_Quasi_Mode;   //Setting UART pin as Quasi mode for transmit
  25   1        
  26   1          SCON = 0x50;      //UART0 Mode1,REN=1,TI=1
  27   1          TMOD |= 0x20;     //Timer1 Mode1
  28   1          
  29   1          set_SMOD;         //UART0 Double Rate Enable
  30   1          set_T1M;
  31   1          clr_BRCK;         //Serial port 0 baud rate clock source = Timer1
  32   1       
  33   1      #ifdef FOSC_160000
  34   1          TH1 = 256 - (1000000/u32Baudrate+1);               /*16 MHz */
  35   1      #endif      
  36   1      #ifdef FOSC_166000
                  TH1 = 256 - (1037500/u32Baudrate);                 /*16.6 MHz */
              #endif
  39   1          set_TR1;
  40   1          set_TI;           //For printf function must setting TI = 1
  41   1      }
  42          //---------------------------------------------------------------
  43          void InitialUART0_Timer3(UINT32 u32Baudrate) //use timer3 as Baudrate generator
  44          {
  45   1          P06_Quasi_Mode;   //Setting UART pin as Quasi mode for transmit
  46   1          P07_Quasi_Mode;   //Setting UART pin as Quasi mode for transmit 
  47   1        
C51 COMPILER V9.53.0.0   COMMON                                                            12/29/2017 14:50:55 PAGE 2   

  48   1          SCON = 0x50;     //UART0 Mode1,REN=1,TI=1
  49   1          set_SMOD;        //UART0 Double Rate Enable
  50   1          T3CON &= 0xF8;   //T3PS2=0,T3PS1=0,T3PS0=0(Prescale=1)
  51   1          set_BRCK;        //UART0 baud rate clock source = Timer3
  52   1      
  53   1      #ifdef FOSC_160000
  54   1          RH3    = HIBYTE(65536 - (1000000/u32Baudrate)-1);     /*16 MHz */
  55   1          RL3    = LOBYTE(65536 - (1000000/u32Baudrate)-1);     /*16 MHz */
  56   1      #endif
  57   1      #ifdef FOSC_166000
                  RH3    = HIBYTE(65536 - (1037500/u32Baudrate));       /*16.6 MHz */
                  RL3    = LOBYTE(65536 - (1037500/u32Baudrate));       /*16.6 MHz */
              #endif
  61   1          set_TR3;         //Trigger Timer3
  62   1          set_TI;          //For printf function must setting TI = 1
  63   1      }
  64          
  65          UINT8 Receive_Data_From_UART0(void)
  66          {
  67   1          UINT8 c;
  68   1          while (!RI);
  69   1          c = SBUF;
  70   1          RI = 0;
  71   1          return (c);
  72   1      }
  73          
  74          void Send_Data_To_UART0 (UINT8 c)
  75          {
  76   1          TI = 0;
  77   1          SBUF = c;
  78   1          while(TI==0);
  79   1      }
  80          
  81          
  82          //----------------------------------------------------------------------------------
  83          // UART1 baud rate initial setting 
  84          //----------------------------------------------------------------------------------
  85          void InitialUART1_Timer3(UINT32 u32Baudrate) //use timer3 as Baudrate generator
  86          {
  87   1          P02_Quasi_Mode;   //Setting UART pin as Quasi mode for transmit
  88   1          P16_Quasi_Mode;   //Setting UART pin as Quasi mode for transmit
  89   1        
  90   1          SCON_1 = 0x50;    //UART1 Mode1,REN_1=1,TI_1=1
  91   1          T3CON = 0x08;     //T3PS2=0,T3PS1=0,T3PS0=0(Prescale=1), UART1 in MODE 1
  92   1          clr_BRCK;
  93   1        
  94   1      #ifdef FOSC_160000
  95   1          RH3    = HIBYTE(65536 - (1000000/u32Baudrate)-1);     /*16 MHz */
  96   1          RL3    = LOBYTE(65536 - (1000000/u32Baudrate)-1);     /*16 MHz */
  97   1      #endif
  98   1      #ifdef FOSC_166000
                  RH3    = HIBYTE(65536 - (1037500/u32Baudrate));       /*16.6 MHz */
                  RL3    = LOBYTE(65536 - (1037500/u32Baudrate));       /*16.6 MHz */
              #endif
 102   1          set_TR3;         //Trigger Timer3
 103   1      }
 104          
 105          UINT8 Receive_Data_From_UART1(void)
 106          {
 107   1          UINT8 c;
 108   1          
 109   1          while (!RI_1);
C51 COMPILER V9.53.0.0   COMMON                                                            12/29/2017 14:50:55 PAGE 3   

 110   1          c = SBUF_1;
 111   1          RI_1 = 0;
 112   1          return (c);
 113   1      }
 114          
 115          void Send_Data_To_UART1 (UINT8 c)
 116          {
 117   1          TI_1 = 0;
 118   1          SBUF_1 = c;
 119   1          while(TI_1==0);
 120   1      }
 121          
 122          
 123          /*==========================================================================*/
 124          #ifdef SW_Reset
              void SW_Reset(void)
              {
                  TA = 0xAA;
                  TA = 0x55;
                  set_SWRST;
              }
              #endif
 132          /*==========================================================================*/


MODULE INFORMATION:   STATIC OVERLAYABLE
   CODE SIZE        =    294    ----
   CONSTANT SIZE    =   ----    ----
   XDATA SIZE       =   ----    ----
   PDATA SIZE       =   ----    ----
   DATA SIZE        =   ----       8
   IDATA SIZE       =   ----    ----
   BIT SIZE         =   ----    ----
END OF MODULE INFORMATION.


C51 COMPILATION COMPLETE.  0 WARNING(S),  0 ERROR(S)
