C51 COMPILER V9.52.0.0   CLK_OUT                                                           02/09/2017 16:30:24 PAGE 1   


C51 COMPILER V9.52.0.0, COMPILATION OF MODULE CLK_OUT
OBJECT MODULE PLACED IN .\Output\CLK_OUT.obj
COMPILER INVOKED BY: C:\Keil\C51\BIN\C51.EXE Code\CLK_OUT.c OPTIMIZE(0,SPEED) BROWSE INCDIR(..\..\Include) DEFINE(FOSC_1
                    -60000) DEBUG OBJECTEXTEND PRINT(.\LST\CLK_OUT.lst) TABS(2) OBJECT(.\Output\CLK_OUT.obj)

line level    source

   1          /*--------------------------------------------------------------------------------------------------------
             --*/
   2          /*                                                                                                        
             - */
   3          /* Copyright(c) 2017 Nuvoton Technology Corp. All rights reserved.                                        
             - */
   4          /*                                                                                                        
             - */
   5          /*--------------------------------------------------------------------------------------------------------
             --*/
   6          
   7          //********************************************************************************************************
             -***
   8          //  Website: http://www.nuvoton.com
   9          //  E-Mail : MicroC-8bit@nuvoton.com
  10          //  Date   : Jan/21/2017
  11          //********************************************************************************************************
             -***
  12          
  13          //********************************************************************************************************
             -***
  14          //  File Function: N76E003 Clock Output demo code
  15          //********************************************************************************************************
             -***
  16          
  17          #include "N76E003.h"
  18          #include "SFR_Macro.h"
  19          #include "Function_define.h"
  20          #include "Common.h"
  21          #include "Delay.h"
  22          
  23          //======================================================================================================
  24          
  25          void main(void)
  26          {
  27   1        
  28   1          /* Note
  29   1             MCU power on system clock is HIRC (16.0000MHz), if need change Fsys source pleaes copy hange system
             - closk source demo
  30   1          */
  31   1          
  32   1          Set_All_GPIO_Quasi_Mode;                    //in Function_define.h
  33   1          set_CLOEN;                                  //System Clock Output Enable
  34   1      //     Please measure P1.1 (CLO) pin for system clock output, it should as system clock;
  35   1      
  36   1          while(1)
  37   1          {
  38   2              clr_GPIO1;
  39   2              Timer0_Delay1ms(500);
  40   2              set_GPIO1;
  41   2              Timer0_Delay1ms(500);
  42   2          }
  43   1      /* =================== */
  44   1      }
C51 COMPILER V9.52.0.0   CLK_OUT                                                           02/09/2017 16:30:24 PAGE 2   

  45          


MODULE INFORMATION:   STATIC OVERLAYABLE
   CODE SIZE        =     50    ----
   CONSTANT SIZE    =   ----    ----
   XDATA SIZE       =   ----    ----
   PDATA SIZE       =   ----    ----
   DATA SIZE        =   ----    ----
   IDATA SIZE       =   ----    ----
   BIT SIZE         =   ----    ----
END OF MODULE INFORMATION.


C51 COMPILATION COMPLETE.  0 WARNING(S),  0 ERROR(S)
