C51 COMPILER V9.52.0.0   ADC                                                               02/09/2017 16:26:27 PAGE 1   


C51 COMPILER V9.52.0.0, COMPILATION OF MODULE ADC
OBJECT MODULE PLACED IN .\Output\ADC.obj
COMPILER INVOKED BY: C:\Keil\C51\BIN\C51.EXE Code\ADC.C BROWSE INCDIR(..\..\Include) DEFINE(FOSC_160000) DEBUG OBJECTEXT
                    -END PRINT(.\LST\ADC.lst) TABS(2) OBJECT(.\Output\ADC.obj)

line level    source

   1          /*--------------------------------------------------------------------------------------------------------
             --*/
   2          /*                                                                                                        
             - */
   3          /* Copyright(c) 2017 Nuvoton Technology Corp. All rights reserved.                                        
             - */
   4          /*                                                                                                        
             - */
   5          /*--------------------------------------------------------------------------------------------------------
             --*/
   6          
   7          //********************************************************************************************************
             -***
   8          //  Website: http://www.nuvoton.com
   9          //  E-Mail : MicroC-8bit@nuvoton.com
  10          //  Date   : Jan/21/2017
  11          //********************************************************************************************************
             -***
  12          
  13          //********************************************************************************************************
             -***
  14          //  File Function: N76E003 ADC demo code
  15          //********************************************************************************************************
             -***
  16          #include "N76E003.h"
  17          #include "SFR_Macro.h"
  18          #include "Function_define.h"
  19          #include "Common.h"
  20          #include "Delay.h"
  21          
  22          //*****************  The Following is in define in Fucntion_define.h  ***************************
  23          //****** Always include Function_define.h call the define you want, detail see main(void) *******
  24          //***********************************************************************************************
  25          #if 0
              #define Enable_ADC_AIN0     ADCCON0&=0xF0;P17_Input_Mode;AINDIDS=0x00;AINDIDS|=SET_BIT0;ADCCON1|=SET_BIT0     
             -            //P17
              #define Enable_ADC_AIN1     ADCCON0&=0xF0;ADCCON0|=0x01;P30_Input_Mode;AINDIDS=0x00;AINDIDS|=SET_BIT1;ADCCON
             -1|=SET_BIT0    //P30
              #define Enable_ADC_AIN2     ADCCON0&=0xF0;ADCCON0|=0x02;P07_Input_Mode;AINDIDS=0x00;AINDIDS|=SET_BIT2;ADCCON
             -1|=SET_BIT0    //P07
              #define Enable_ADC_AIN3     ADCCON0&=0xF0;ADCCON0|=0x03;P06_Input_Mode;AINDIDS=0x00;AINDIDS|=SET_BIT3;ADCCON
             -1|=SET_BIT0    //P06
              #define Enable_ADC_AIN4     ADCCON0&=0xF0;ADCCON0|=0x04;P05_Input_Mode;AINDIDS=0x00;AINDIDS|=SET_BIT4;ADCCON
             -1|=SET_BIT0    //P05
              #define Enable_ADC_AIN5     ADCCON0&=0xF0;ADCCON0|=0x05;P04_Input_Mode;AINDIDS=0x00;AINDIDS|=SET_BIT5;ADCCON
             -1|=SET_BIT0    //P04
              #define Enable_ADC_AIN6     ADCCON0&=0xF0;ADCCON0|=0x06;P03_Input_Mode;AINDIDS=0x00;AINDIDS|=SET_BIT6;ADCCON
             -1|=SET_BIT0    //P03
              #define Enable_ADC_AIN7     ADCCON0&=0xF0;ADCCON0|=0x07;P11_Input_Mode;AINDIDS=0x00;AINDIDS|=SET_BIT7;ADCCON
             -1|=SET_BIT0    //P11
              #define Enable_ADC_BandGap  ADCCON0|=0x0F;ADCCON1|=SET_BIT0                                                               //Band-gap 1.22V
              
              #define PWM0_FALLINGEDGE_TRIG_ADC   ADCCON0&=~SET_BIT5;ADCCON0&=~SET_BIT4;ADCCON1&=~SET_BIT3;ADCCON1&=~SET_
             -BIT2;ADCCON1|=SET_BIT1
C51 COMPILER V9.52.0.0   ADC                                                               02/09/2017 16:26:27 PAGE 2   

              #define PWM2_FALLINGEDGE_TRIG_ADC   ADCCON0&=~SET_BIT5;ADCCON0|=SET_BIT4;ADCCON1&=~SET_BIT3;ADCCON1&=~SET_B
             -IT2;ADCCON1|=SET_BIT1
              #define PWM4_FALLINGEDGE_TRIG_ADC   ADCCON0|=SET_BIT5;ADCCON0&=~SET_BIT4;ADCCON1&=~SET_BIT3;ADCCON1&=~SET_B
             -IT2;ADCCON1|=SET_BIT1
              #define PWM0_RISINGEDGE_TRIG_ADC    ADCCON0&=~SET_BIT5;ADCCON0&=~SET_BIT4;ADCCON1&=~SET_BIT3;ADCCON1|=SET_BI
             -T2;ADCCON1|=SET_BIT1
              #define PWM2_RISINGEDGE_TRIG_ADC    ADCCON0&=~SET_BIT5;ADCCON0|=SET_BIT4;ADCCON1&=~SET_BIT3;ADCCON1|=SET_BIT
             -2;ADCCON1|=SET_BIT1
              #define PWM4_RISINGEDGE_TRIG_ADC    ADCCON0|=SET_BIT5;ADCCON0&=~SET_BIT4;ADCCON1&=~SET_BIT3;ADCCON1|=SET_BIT
             -2;ADCCON1|=SET_BIT1
              
              #define P04_FALLINGEDGE_TRIG_ADC    ADCCON0|=0x30;ADCCON1&=0xF3;ADCCON1|=SET_BIT1;ADCCON1&=~SET_BIT6
              #define P13_FALLINGEDGE_TRIG_ADC    ADCCON0|=0x30;ADCCON1&=0xF3;ADCCON1|=SET_BIT1;ADCCON1|=SET_BIT6
              #define P04_RISINGEDGE_TRIG_ADC     ADCCON0|=0x30;ADCCON1&=~SET_BIT3;ADCCON1|=SET_BIT2;ADCCON1|=SET_BIT1;ADC
             -CON1&=~SET_BIT6
              #define P13_RISINGEDGE_TRIG_ADC     ADCCON0|=0x30;ADCCON1&=~SET_BIT3;ADCCON1|=SET_BIT2;ADCCON1|=SET_BIT1;ADC
             -CON1|=SET_BIT6
              #endif
  48          
  49          /******************************************************************************
  50           * FUNCTION_PURPOSE: ADC interrupt Service Routine
  51           ******************************************************************************/
  52          void ADC_ISR (void) interrupt 11
  53          {
  54   1          clr_ADCF;                               //clear ADC interrupt flag
  55   1          printf ("\n Value = 0x%bx",ADCRH);
  56   1      }
  57          
  58          /******************************************************************************
  59          The main C function.  Program execution starts
  60          here after stack initialization.
  61          ******************************************************************************/
  62          void main (void) 
  63          {
  64   1          Set_All_GPIO_Quasi_Mode;
  65   1          InitialUART0_Timer1(115200);
  66   1      /*---------------------------------------------------------------
  67   1        ADC port trig initial setting toggle P0.4 to start ADC 
  68   1      ----------------------------------------------------------------*/
  69   1          Enable_ADC_AIN0;                              // Enable AIN0 P1.7 as ADC pin
  70   1          P04_FALLINGEDGE_TRIG_ADC;                     // P0.4 falling edge as adc start trig signal
  71   1      // find ADC result in ADC interrupt
  72   1          set_EADC;                                     // Enable ADC interrupt (if use interrupt)
  73   1          EA = 1;                                       // Enable global interrupt
  74   1      //  set_ADCS;                                     // Trig P04 falling edge to start adc, no need set ADCS bit
  75   1          while(1);                                     // Wait ADC interrupt
  76   1      
  77   1      
  78   1      }
  79          
  80          


MODULE INFORMATION:   STATIC OVERLAYABLE
   CODE SIZE        =    128    ----
   CONSTANT SIZE    =     16    ----
   XDATA SIZE       =   ----    ----
   PDATA SIZE       =   ----    ----
   DATA SIZE        =   ----    ----
   IDATA SIZE       =   ----    ----
   BIT SIZE         =   ----    ----
END OF MODULE INFORMATION.

C51 COMPILER V9.52.0.0   ADC                                                               02/09/2017 16:26:27 PAGE 3   


C51 COMPILATION COMPLETE.  0 WARNING(S),  0 ERROR(S)
